node:events:368
      throw er; // Unhandled 'error' event
      ^

Error: listen EADDRINUSE: address already in use :::8081
    at Server.setupListenHandle [as _listen2] (node:net:1334:16)
    at listenInCluster (node:net:1382:12)
    at Server.listen (node:net:1469:7)
    at Function.listen (C:\MobileApp\backend\node_modules\express\lib\application.js:618:24)
    at Object.<anonymous> (C:\MobileApp\backend\index.js:65:5)
    at Module._compile (node:internal/modules/cjs/loader:1101:14)
    at Object.Module._extensions..js (node:internal/modules/cjs/loader:1153:10)
    at Module.load (node:internal/modules/cjs/loader:981:32)
    at Function.Module._load (node:internal/modules/cjs/loader:822:12)
    at Function.executeUserEntryPoint [as runMain] (node:internal/modules/run_main:81:12)
Emitted 'error' event on Server instance at:
    at emitErrorNT (node:net:1361:8)
    at processTicksAndRejections (node:internal/process/task_queues:83:21) {
  code: 'EADDRINUSE',
  errno: -4091,
  syscall: 'listen',
  address: '::',
  port: 8081
}
node:events:368
      throw er; // Unhandled 'error' event
      ^

Error: listen EADDRINUSE: address already in use :::8081
    at Server.setupListenHandle [as _listen2] (node:net:1334:16)
    at listenInCluster (node:net:1382:12)
    at Server.listen (node:net:1469:7)
    at Function.listen (C:\MobileApp\backend\node_modules\express\lib\application.js:618:24)
    at Object.<anonymous> (C:\MobileApp\backend\index.js:65:5)
    at Module._compile (node:internal/modules/cjs/loader:1101:14)
    at Object.Module._extensions..js (node:internal/modules/cjs/loader:1153:10)
    at Module.load (node:internal/modules/cjs/loader:981:32)
    at Function.Module._load (node:internal/modules/cjs/loader:822:12)
    at Function.executeUserEntryPoint [as runMain] (node:internal/modules/run_main:81:12)
Emitted 'error' event on Server instance at:
    at emitErrorNT (node:net:1361:8)
    at processTicksAndRejections (node:internal/process/task_queues:83:21) {
  code: 'EADDRINUSE',
  errno: -4091,
  syscall: 'listen',
  address: '::',
  port: 8081
}
node:events:368
      throw er; // Unhandled 'error' event
      ^

Error: listen EADDRINUSE: address already in use :::8081
    at Server.setupListenHandle [as _listen2] (node:net:1334:16)
    at listenInCluster (node:net:1382:12)
    at Server.listen (node:net:1469:7)
    at Function.listen (C:\MobileApp\backend\node_modules\express\lib\application.js:618:24)
    at Object.<anonymous> (C:\MobileApp\backend\index.js:65:5)
    at Module._compile (node:internal/modules/cjs/loader:1101:14)
    at Object.Module._extensions..js (node:internal/modules/cjs/loader:1153:10)
    at Module.load (node:internal/modules/cjs/loader:981:32)
    at Function.Module._load (node:internal/modules/cjs/loader:822:12)
    at Function.executeUserEntryPoint [as runMain] (node:internal/modules/run_main:81:12)
Emitted 'error' event on Server instance at:
    at emitErrorNT (node:net:1361:8)
    at processTicksAndRejections (node:internal/process/task_queues:83:21) {
  code: 'EADDRINUSE',
  errno: -4091,
  syscall: 'listen',
  address: '::',
  port: 8081
}
C:\Users\AAcharya\AppData\Roaming\npm\node_modules\qckwinsvc\node_modules\node-windows\lib\wrapper.js:177
    child.send('shutdown');
          ^

TypeError: Cannot read properties of null (reading 'send')
    at process.killkid (C:\Users\AAcharya\AppData\Roaming\npm\node_modules\qckwinsvc\node_modules\node-windows\lib\wrapper.js:177:11)
    at process.emit (node:events:390:28)
    at process.exit (node:internal/process/per_thread:184:15)
    at monitor (C:\Users\AAcharya\AppData\Roaming\npm\node_modules\qckwinsvc\node_modules\node-windows\lib\wrapper.js:99:17)
    at ChildProcess.<anonymous> (C:\Users\AAcharya\AppData\Roaming\npm\node_modules\qckwinsvc\node_modules\node-windows\lib\wrapper.js:170:5)
    at ChildProcess.emit (node:events:390:28)
    at Process.ChildProcess._handle.onexit (node:internal/child_process:290:12)
node:events:368
      throw er; // Unhandled 'error' event
      ^

Error: listen EADDRINUSE: address already in use :::8081
    at Server.setupListenHandle [as _listen2] (node:net:1334:16)
    at listenInCluster (node:net:1382:12)
    at Server.listen (node:net:1469:7)
    at Function.listen (C:\MobileApp\backend\node_modules\express\lib\application.js:618:24)
    at Object.<anonymous> (C:\MobileApp\backend\index.js:65:5)
    at Module._compile (node:internal/modules/cjs/loader:1101:14)
    at Object.Module._extensions..js (node:internal/modules/cjs/loader:1153:10)
    at Module.load (node:internal/modules/cjs/loader:981:32)
    at Function.Module._load (node:internal/modules/cjs/loader:822:12)
    at Function.executeUserEntryPoint [as runMain] (node:internal/modules/run_main:81:12)
Emitted 'error' event on Server instance at:
    at emitErrorNT (node:net:1361:8)
    at processTicksAndRejections (node:internal/process/task_queues:83:21) {
  code: 'EADDRINUSE',
  errno: -4091,
  syscall: 'listen',
  address: '::',
  port: 8081
}
node:events:368
      throw er; // Unhandled 'error' event
      ^

Error: listen EADDRINUSE: address already in use :::8081
    at Server.setupListenHandle [as _listen2] (node:net:1334:16)
    at listenInCluster (node:net:1382:12)
    at Server.listen (node:net:1469:7)
    at Function.listen (C:\MobileApp\backend\node_modules\express\lib\application.js:618:24)
    at Object.<anonymous> (C:\MobileApp\backend\index.js:65:5)
    at Module._compile (node:internal/modules/cjs/loader:1101:14)
    at Object.Module._extensions..js (node:internal/modules/cjs/loader:1153:10)
    at Module.load (node:internal/modules/cjs/loader:981:32)
    at Function.Module._load (node:internal/modules/cjs/loader:822:12)
    at Function.executeUserEntryPoint [as runMain] (node:internal/modules/run_main:81:12)
Emitted 'error' event on Server instance at:
    at emitErrorNT (node:net:1361:8)
    at processTicksAndRejections (node:internal/process/task_queues:83:21) {
  code: 'EADDRINUSE',
  errno: -4091,
  syscall: 'listen',
  address: '::',
  port: 8081
}
node:events:368
      throw er; // Unhandled 'error' event
      ^

Error: listen EADDRINUSE: address already in use :::8081
    at Server.setupListenHandle [as _listen2] (node:net:1334:16)
    at listenInCluster (node:net:1382:12)
    at Server.listen (node:net:1469:7)
    at Function.listen (C:\MobileApp\backend\node_modules\express\lib\application.js:618:24)
    at Object.<anonymous> (C:\MobileApp\backend\index.js:65:5)
    at Module._compile (node:internal/modules/cjs/loader:1101:14)
    at Object.Module._extensions..js (node:internal/modules/cjs/loader:1153:10)
    at Module.load (node:internal/modules/cjs/loader:981:32)
    at Function.Module._load (node:internal/modules/cjs/loader:822:12)
    at Function.executeUserEntryPoint [as runMain] (node:internal/modules/run_main:81:12)
Emitted 'error' event on Server instance at:
    at emitErrorNT (node:net:1361:8)
    at processTicksAndRejections (node:internal/process/task_queues:83:21) {
  code: 'EADDRINUSE',
  errno: -4091,
  syscall: 'listen',
  address: '::',
  port: 8081
}
C:\Users\AAcharya\AppData\Roaming\npm\node_modules\qckwinsvc\node_modules\node-windows\lib\wrapper.js:177
    child.send('shutdown');
          ^

TypeError: Cannot read properties of null (reading 'send')
    at process.killkid (C:\Users\AAcharya\AppData\Roaming\npm\node_modules\qckwinsvc\node_modules\node-windows\lib\wrapper.js:177:11)
    at process.emit (node:events:390:28)
    at process.exit (node:internal/process/per_thread:184:15)
    at monitor (C:\Users\AAcharya\AppData\Roaming\npm\node_modules\qckwinsvc\node_modules\node-windows\lib\wrapper.js:99:17)
    at ChildProcess.<anonymous> (C:\Users\AAcharya\AppData\Roaming\npm\node_modules\qckwinsvc\node_modules\node-windows\lib\wrapper.js:170:5)
    at ChildProcess.emit (node:events:390:28)
    at Process.ChildProcess._handle.onexit (node:internal/child_process:290:12)
node:events:368
      throw er; // Unhandled 'error' event
      ^

Error: listen EADDRINUSE: address already in use :::8081
    at Server.setupListenHandle [as _listen2] (node:net:1334:16)
    at listenInCluster (node:net:1382:12)
    at Server.listen (node:net:1469:7)
    at Function.listen (C:\MobileApp\backend\node_modules\express\lib\application.js:618:24)
    at Object.<anonymous> (C:\MobileApp\backend\index.js:65:5)
    at Module._compile (node:internal/modules/cjs/loader:1101:14)
    at Object.Module._extensions..js (node:internal/modules/cjs/loader:1153:10)
    at Module.load (node:internal/modules/cjs/loader:981:32)
    at Function.Module._load (node:internal/modules/cjs/loader:822:12)
    at Function.executeUserEntryPoint [as runMain] (node:internal/modules/run_main:81:12)
Emitted 'error' event on Server instance at:
    at emitErrorNT (node:net:1361:8)
    at processTicksAndRejections (node:internal/process/task_queues:83:21) {
  code: 'EADDRINUSE',
  errno: -4091,
  syscall: 'listen',
  address: '::',
  port: 8081
}
node:events:368
      throw er; // Unhandled 'error' event
      ^

Error: listen EADDRINUSE: address already in use :::8081
    at Server.setupListenHandle [as _listen2] (node:net:1334:16)
    at listenInCluster (node:net:1382:12)
    at Server.listen (node:net:1469:7)
    at Function.listen (C:\MobileApp\backend\node_modules\express\lib\application.js:618:24)
    at Object.<anonymous> (C:\MobileApp\backend\index.js:65:5)
    at Module._compile (node:internal/modules/cjs/loader:1101:14)
    at Object.Module._extensions..js (node:internal/modules/cjs/loader:1153:10)
    at Module.load (node:internal/modules/cjs/loader:981:32)
    at Function.Module._load (node:internal/modules/cjs/loader:822:12)
    at Function.executeUserEntryPoint [as runMain] (node:internal/modules/run_main:81:12)
Emitted 'error' event on Server instance at:
    at emitErrorNT (node:net:1361:8)
    at processTicksAndRejections (node:internal/process/task_queues:83:21) {
  code: 'EADDRINUSE',
  errno: -4091,
  syscall: 'listen',
  address: '::',
  port: 8081
}
node:events:368
      throw er; // Unhandled 'error' event
      ^

Error: listen EADDRINUSE: address already in use :::8081
    at Server.setupListenHandle [as _listen2] (node:net:1334:16)
    at listenInCluster (node:net:1382:12)
    at Server.listen (node:net:1469:7)
    at Function.listen (C:\MobileApp\backend\node_modules\express\lib\application.js:618:24)
    at Object.<anonymous> (C:\MobileApp\backend\index.js:65:5)
    at Module._compile (node:internal/modules/cjs/loader:1101:14)
    at Object.Module._extensions..js (node:internal/modules/cjs/loader:1153:10)
    at Module.load (node:internal/modules/cjs/loader:981:32)
    at Function.Module._load (node:internal/modules/cjs/loader:822:12)
    at Function.executeUserEntryPoint [as runMain] (node:internal/modules/run_main:81:12)
Emitted 'error' event on Server instance at:
    at emitErrorNT (node:net:1361:8)
    at processTicksAndRejections (node:internal/process/task_queues:83:21) {
  code: 'EADDRINUSE',
  errno: -4091,
  syscall: 'listen',
  address: '::',
  port: 8081
}
C:\Users\AAcharya\AppData\Roaming\npm\node_modules\qckwinsvc\node_modules\node-windows\lib\wrapper.js:177
    child.send('shutdown');
          ^

TypeError: Cannot read properties of null (reading 'send')
    at process.killkid (C:\Users\AAcharya\AppData\Roaming\npm\node_modules\qckwinsvc\node_modules\node-windows\lib\wrapper.js:177:11)
    at process.emit (node:events:390:28)
    at process.exit (node:internal/process/per_thread:184:15)
    at monitor (C:\Users\AAcharya\AppData\Roaming\npm\node_modules\qckwinsvc\node_modules\node-windows\lib\wrapper.js:99:17)
    at ChildProcess.<anonymous> (C:\Users\AAcharya\AppData\Roaming\npm\node_modules\qckwinsvc\node_modules\node-windows\lib\wrapper.js:170:5)
    at ChildProcess.emit (node:events:390:28)
    at Process.ChildProcess._handle.onexit (node:internal/child_process:290:12)
node:events:368
      throw er; // Unhandled 'error' event
      ^

Error: listen EADDRINUSE: address already in use :::8081
    at Server.setupListenHandle [as _listen2] (node:net:1334:16)
    at listenInCluster (node:net:1382:12)
    at Server.listen (node:net:1469:7)
    at Function.listen (C:\MobileApp\backend\node_modules\express\lib\application.js:618:24)
    at Object.<anonymous> (C:\MobileApp\backend\index.js:66:5)
    at Module._compile (node:internal/modules/cjs/loader:1101:14)
    at Object.Module._extensions..js (node:internal/modules/cjs/loader:1153:10)
    at Module.load (node:internal/modules/cjs/loader:981:32)
    at Function.Module._load (node:internal/modules/cjs/loader:822:12)
    at Function.executeUserEntryPoint [as runMain] (node:internal/modules/run_main:81:12)
Emitted 'error' event on Server instance at:
    at emitErrorNT (node:net:1361:8)
    at processTicksAndRejections (node:internal/process/task_queues:83:21) {
  code: 'EADDRINUSE',
  errno: -4091,
  syscall: 'listen',
  address: '::',
  port: 8081
}
node:events:368
      throw er; // Unhandled 'error' event
      ^

Error: listen EADDRINUSE: address already in use :::8081
    at Server.setupListenHandle [as _listen2] (node:net:1334:16)
    at listenInCluster (node:net:1382:12)
    at Server.listen (node:net:1469:7)
    at Function.listen (C:\MobileApp\backend\node_modules\express\lib\application.js:618:24)
    at Object.<anonymous> (C:\MobileApp\backend\index.js:66:5)
    at Module._compile (node:internal/modules/cjs/loader:1101:14)
    at Object.Module._extensions..js (node:internal/modules/cjs/loader:1153:10)
    at Module.load (node:internal/modules/cjs/loader:981:32)
    at Function.Module._load (node:internal/modules/cjs/loader:822:12)
    at Function.executeUserEntryPoint [as runMain] (node:internal/modules/run_main:81:12)
Emitted 'error' event on Server instance at:
    at emitErrorNT (node:net:1361:8)
    at processTicksAndRejections (node:internal/process/task_queues:83:21) {
  code: 'EADDRINUSE',
  errno: -4091,
  syscall: 'listen',
  address: '::',
  port: 8081
}
node:events:368
      throw er; // Unhandled 'error' event
      ^

Error: listen EADDRINUSE: address already in use :::8081
    at Server.setupListenHandle [as _listen2] (node:net:1334:16)
    at listenInCluster (node:net:1382:12)
    at Server.listen (node:net:1469:7)
    at Function.listen (C:\MobileApp\backend\node_modules\express\lib\application.js:618:24)
    at Object.<anonymous> (C:\MobileApp\backend\index.js:66:5)
    at Module._compile (node:internal/modules/cjs/loader:1101:14)
    at Object.Module._extensions..js (node:internal/modules/cjs/loader:1153:10)
    at Module.load (node:internal/modules/cjs/loader:981:32)
    at Function.Module._load (node:internal/modules/cjs/loader:822:12)
    at Function.executeUserEntryPoint [as runMain] (node:internal/modules/run_main:81:12)
Emitted 'error' event on Server instance at:
    at emitErrorNT (node:net:1361:8)
    at processTicksAndRejections (node:internal/process/task_queues:83:21) {
  code: 'EADDRINUSE',
  errno: -4091,
  syscall: 'listen',
  address: '::',
  port: 8081
}
C:\Users\AAcharya\AppData\Roaming\npm\node_modules\qckwinsvc\node_modules\node-windows\lib\wrapper.js:177
    child.send('shutdown');
          ^

TypeError: Cannot read properties of null (reading 'send')
    at process.killkid (C:\Users\AAcharya\AppData\Roaming\npm\node_modules\qckwinsvc\node_modules\node-windows\lib\wrapper.js:177:11)
    at process.emit (node:events:390:28)
    at process.exit (node:internal/process/per_thread:184:15)
    at monitor (C:\Users\AAcharya\AppData\Roaming\npm\node_modules\qckwinsvc\node_modules\node-windows\lib\wrapper.js:99:17)
    at ChildProcess.<anonymous> (C:\Users\AAcharya\AppData\Roaming\npm\node_modules\qckwinsvc\node_modules\node-windows\lib\wrapper.js:170:5)
    at ChildProcess.emit (node:events:390:28)
    at Process.ChildProcess._handle.onexit (node:internal/child_process:290:12)
(node:4320) [DEP0123] DeprecationWarning: Setting the TLS ServerName to an IP address is not permitted by RFC 6066. This will be ignored in a future version.
(Use `node --trace-deprecation ...` to show where the warning was created)
node:events:368
      throw er; // Unhandled 'error' event
      ^

Error: listen EADDRINUSE: address already in use :::8081
    at Server.setupListenHandle [as _listen2] (node:net:1334:16)
    at listenInCluster (node:net:1382:12)
    at Server.listen (node:net:1469:7)
    at Function.listen (C:\MobileApp\backend\node_modules\express\lib\application.js:618:24)
    at Object.<anonymous> (C:\MobileApp\backend\index.js:66:5)
    at Module._compile (node:internal/modules/cjs/loader:1101:14)
    at Object.Module._extensions..js (node:internal/modules/cjs/loader:1153:10)
    at Module.load (node:internal/modules/cjs/loader:981:32)
    at Function.Module._load (node:internal/modules/cjs/loader:822:12)
    at Function.executeUserEntryPoint [as runMain] (node:internal/modules/run_main:81:12)
Emitted 'error' event on Server instance at:
    at emitErrorNT (node:net:1361:8)
    at processTicksAndRejections (node:internal/process/task_queues:83:21) {
  code: 'EADDRINUSE',
  errno: -4091,
  syscall: 'listen',
  address: '::',
  port: 8081
}
node:events:368
      throw er; // Unhandled 'error' event
      ^

Error: listen EADDRINUSE: address already in use :::8081
    at Server.setupListenHandle [as _listen2] (node:net:1334:16)
    at listenInCluster (node:net:1382:12)
    at Server.listen (node:net:1469:7)
    at Function.listen (C:\MobileApp\backend\node_modules\express\lib\application.js:618:24)
    at Object.<anonymous> (C:\MobileApp\backend\index.js:66:5)
    at Module._compile (node:internal/modules/cjs/loader:1101:14)
    at Object.Module._extensions..js (node:internal/modules/cjs/loader:1153:10)
    at Module.load (node:internal/modules/cjs/loader:981:32)
    at Function.Module._load (node:internal/modules/cjs/loader:822:12)
    at Function.executeUserEntryPoint [as runMain] (node:internal/modules/run_main:81:12)
Emitted 'error' event on Server instance at:
    at emitErrorNT (node:net:1361:8)
    at processTicksAndRejections (node:internal/process/task_queues:83:21) {
  code: 'EADDRINUSE',
  errno: -4091,
  syscall: 'listen',
  address: '::',
  port: 8081
}
node:events:368
      throw er; // Unhandled 'error' event
      ^

Error: listen EADDRINUSE: address already in use :::8081
    at Server.setupListenHandle [as _listen2] (node:net:1334:16)
    at listenInCluster (node:net:1382:12)
    at Server.listen (node:net:1469:7)
    at Function.listen (C:\MobileApp\backend\node_modules\express\lib\application.js:618:24)
    at Object.<anonymous> (C:\MobileApp\backend\index.js:66:5)
    at Module._compile (node:internal/modules/cjs/loader:1101:14)
    at Object.Module._extensions..js (node:internal/modules/cjs/loader:1153:10)
    at Module.load (node:internal/modules/cjs/loader:981:32)
    at Function.Module._load (node:internal/modules/cjs/loader:822:12)
    at Function.executeUserEntryPoint [as runMain] (node:internal/modules/run_main:81:12)
Emitted 'error' event on Server instance at:
    at emitErrorNT (node:net:1361:8)
    at processTicksAndRejections (node:internal/process/task_queues:83:21) {
  code: 'EADDRINUSE',
  errno: -4091,
  syscall: 'listen',
  address: '::',
  port: 8081
}
C:\Users\AAcharya\AppData\Roaming\npm\node_modules\qckwinsvc\node_modules\node-windows\lib\wrapper.js:177
    child.send('shutdown');
          ^

TypeError: Cannot read properties of null (reading 'send')
    at process.killkid (C:\Users\AAcharya\AppData\Roaming\npm\node_modules\qckwinsvc\node_modules\node-windows\lib\wrapper.js:177:11)
    at process.emit (node:events:390:28)
    at process.exit (node:internal/process/per_thread:184:15)
    at monitor (C:\Users\AAcharya\AppData\Roaming\npm\node_modules\qckwinsvc\node_modules\node-windows\lib\wrapper.js:99:17)
    at ChildProcess.<anonymous> (C:\Users\AAcharya\AppData\Roaming\npm\node_modules\qckwinsvc\node_modules\node-windows\lib\wrapper.js:170:5)
    at ChildProcess.emit (node:events:390:28)
    at Process.ChildProcess._handle.onexit (node:internal/child_process:290:12)
node:events:368
      throw er; // Unhandled 'error' event
      ^

Error: listen EADDRINUSE: address already in use :::8081
    at Server.setupListenHandle [as _listen2] (node:net:1334:16)
    at listenInCluster (node:net:1382:12)
    at Server.listen (node:net:1469:7)
    at Function.listen (C:\MobileApp\backend\node_modules\express\lib\application.js:618:24)
    at Object.<anonymous> (C:\MobileApp\backend\index.js:66:5)
    at Module._compile (node:internal/modules/cjs/loader:1101:14)
    at Object.Module._extensions..js (node:internal/modules/cjs/loader:1153:10)
    at Module.load (node:internal/modules/cjs/loader:981:32)
    at Function.Module._load (node:internal/modules/cjs/loader:822:12)
    at Function.executeUserEntryPoint [as runMain] (node:internal/modules/run_main:81:12)
Emitted 'error' event on Server instance at:
    at emitErrorNT (node:net:1361:8)
    at processTicksAndRejections (node:internal/process/task_queues:83:21) {
  code: 'EADDRINUSE',
  errno: -4091,
  syscall: 'listen',
  address: '::',
  port: 8081
}
node:events:368
      throw er; // Unhandled 'error' event
      ^

Error: listen EADDRINUSE: address already in use :::8081
    at Server.setupListenHandle [as _listen2] (node:net:1334:16)
    at listenInCluster (node:net:1382:12)
    at Server.listen (node:net:1469:7)
    at Function.listen (C:\MobileApp\backend\node_modules\express\lib\application.js:618:24)
    at Object.<anonymous> (C:\MobileApp\backend\index.js:66:5)
    at Module._compile (node:internal/modules/cjs/loader:1101:14)
    at Object.Module._extensions..js (node:internal/modules/cjs/loader:1153:10)
    at Module.load (node:internal/modules/cjs/loader:981:32)
    at Function.Module._load (node:internal/modules/cjs/loader:822:12)
    at Function.executeUserEntryPoint [as runMain] (node:internal/modules/run_main:81:12)
Emitted 'error' event on Server instance at:
    at emitErrorNT (node:net:1361:8)
    at processTicksAndRejections (node:internal/process/task_queues:83:21) {
  code: 'EADDRINUSE',
  errno: -4091,
  syscall: 'listen',
  address: '::',
  port: 8081
}
node:events:368
      throw er; // Unhandled 'error' event
      ^

Error: listen EADDRINUSE: address already in use :::8081
    at Server.setupListenHandle [as _listen2] (node:net:1334:16)
    at listenInCluster (node:net:1382:12)
    at Server.listen (node:net:1469:7)
    at Function.listen (C:\MobileApp\backend\node_modules\express\lib\application.js:618:24)
    at Object.<anonymous> (C:\MobileApp\backend\index.js:66:5)
    at Module._compile (node:internal/modules/cjs/loader:1101:14)
    at Object.Module._extensions..js (node:internal/modules/cjs/loader:1153:10)
    at Module.load (node:internal/modules/cjs/loader:981:32)
    at Function.Module._load (node:internal/modules/cjs/loader:822:12)
    at Function.executeUserEntryPoint [as runMain] (node:internal/modules/run_main:81:12)
Emitted 'error' event on Server instance at:
    at emitErrorNT (node:net:1361:8)
    at processTicksAndRejections (node:internal/process/task_queues:83:21) {
  code: 'EADDRINUSE',
  errno: -4091,
  syscall: 'listen',
  address: '::',
  port: 8081
}
C:\Users\AAcharya\AppData\Roaming\npm\node_modules\qckwinsvc\node_modules\node-windows\lib\wrapper.js:177
    child.send('shutdown');
          ^

TypeError: Cannot read properties of null (reading 'send')
    at process.killkid (C:\Users\AAcharya\AppData\Roaming\npm\node_modules\qckwinsvc\node_modules\node-windows\lib\wrapper.js:177:11)
    at process.emit (node:events:390:28)
    at process.exit (node:internal/process/per_thread:184:15)
    at monitor (C:\Users\AAcharya\AppData\Roaming\npm\node_modules\qckwinsvc\node_modules\node-windows\lib\wrapper.js:99:17)
    at ChildProcess.<anonymous> (C:\Users\AAcharya\AppData\Roaming\npm\node_modules\qckwinsvc\node_modules\node-windows\lib\wrapper.js:170:5)
    at ChildProcess.emit (node:events:390:28)
    at Process.ChildProcess._handle.onexit (node:internal/child_process:290:12)
node:events:368
      throw er; // Unhandled 'error' event
      ^

Error: listen EADDRINUSE: address already in use :::8081
    at Server.setupListenHandle [as _listen2] (node:net:1334:16)
    at listenInCluster (node:net:1382:12)
    at Server.listen (node:net:1469:7)
    at Function.listen (C:\MobileApp\backend\node_modules\express\lib\application.js:618:24)
    at Object.<anonymous> (C:\MobileApp\backend\index.js:66:5)
    at Module._compile (node:internal/modules/cjs/loader:1101:14)
    at Object.Module._extensions..js (node:internal/modules/cjs/loader:1153:10)
    at Module.load (node:internal/modules/cjs/loader:981:32)
    at Function.Module._load (node:internal/modules/cjs/loader:822:12)
    at Function.executeUserEntryPoint [as runMain] (node:internal/modules/run_main:81:12)
Emitted 'error' event on Server instance at:
    at emitErrorNT (node:net:1361:8)
    at processTicksAndRejections (node:internal/process/task_queues:83:21) {
  code: 'EADDRINUSE',
  errno: -4091,
  syscall: 'listen',
  address: '::',
  port: 8081
}
node:events:368
      throw er; // Unhandled 'error' event
      ^

Error: listen EADDRINUSE: address already in use :::8081
    at Server.setupListenHandle [as _listen2] (node:net:1334:16)
    at listenInCluster (node:net:1382:12)
    at Server.listen (node:net:1469:7)
    at Function.listen (C:\MobileApp\backend\node_modules\express\lib\application.js:618:24)
    at Object.<anonymous> (C:\MobileApp\backend\index.js:66:5)
    at Module._compile (node:internal/modules/cjs/loader:1101:14)
    at Object.Module._extensions..js (node:internal/modules/cjs/loader:1153:10)
    at Module.load (node:internal/modules/cjs/loader:981:32)
    at Function.Module._load (node:internal/modules/cjs/loader:822:12)
    at Function.executeUserEntryPoint [as runMain] (node:internal/modules/run_main:81:12)
Emitted 'error' event on Server instance at:
    at emitErrorNT (node:net:1361:8)
    at processTicksAndRejections (node:internal/process/task_queues:83:21) {
  code: 'EADDRINUSE',
  errno: -4091,
  syscall: 'listen',
  address: '::',
  port: 8081
}
node:events:368
      throw er; // Unhandled 'error' event
      ^

Error: listen EADDRINUSE: address already in use :::8081
    at Server.setupListenHandle [as _listen2] (node:net:1334:16)
    at listenInCluster (node:net:1382:12)
    at Server.listen (node:net:1469:7)
    at Function.listen (C:\MobileApp\backend\node_modules\express\lib\application.js:618:24)
    at Object.<anonymous> (C:\MobileApp\backend\index.js:66:5)
    at Module._compile (node:internal/modules/cjs/loader:1101:14)
    at Object.Module._extensions..js (node:internal/modules/cjs/loader:1153:10)
    at Module.load (node:internal/modules/cjs/loader:981:32)
    at Function.Module._load (node:internal/modules/cjs/loader:822:12)
    at Function.executeUserEntryPoint [as runMain] (node:internal/modules/run_main:81:12)
Emitted 'error' event on Server instance at:
    at emitErrorNT (node:net:1361:8)
    at processTicksAndRejections (node:internal/process/task_queues:83:21) {
  code: 'EADDRINUSE',
  errno: -4091,
  syscall: 'listen',
  address: '::',
  port: 8081
}
C:\Users\AAcharya\AppData\Roaming\npm\node_modules\qckwinsvc\node_modules\node-windows\lib\wrapper.js:177
    child.send('shutdown');
          ^

TypeError: Cannot read properties of null (reading 'send')
    at process.killkid (C:\Users\AAcharya\AppData\Roaming\npm\node_modules\qckwinsvc\node_modules\node-windows\lib\wrapper.js:177:11)
    at process.emit (node:events:390:28)
    at process.exit (node:internal/process/per_thread:184:15)
    at monitor (C:\Users\AAcharya\AppData\Roaming\npm\node_modules\qckwinsvc\node_modules\node-windows\lib\wrapper.js:99:17)
    at ChildProcess.<anonymous> (C:\Users\AAcharya\AppData\Roaming\npm\node_modules\qckwinsvc\node_modules\node-windows\lib\wrapper.js:170:5)
    at ChildProcess.emit (node:events:390:28)
    at Process.ChildProcess._handle.onexit (node:internal/child_process:290:12)
node:events:368
      throw er; // Unhandled 'error' event
      ^

Error: listen EADDRINUSE: address already in use :::8081
    at Server.setupListenHandle [as _listen2] (node:net:1334:16)
    at listenInCluster (node:net:1382:12)
    at Server.listen (node:net:1469:7)
    at Function.listen (C:\MobileApp\backend\node_modules\express\lib\application.js:618:24)
    at Object.<anonymous> (C:\MobileApp\backend\index.js:66:5)
    at Module._compile (node:internal/modules/cjs/loader:1101:14)
    at Object.Module._extensions..js (node:internal/modules/cjs/loader:1153:10)
    at Module.load (node:internal/modules/cjs/loader:981:32)
    at Function.Module._load (node:internal/modules/cjs/loader:822:12)
    at Function.executeUserEntryPoint [as runMain] (node:internal/modules/run_main:81:12)
Emitted 'error' event on Server instance at:
    at emitErrorNT (node:net:1361:8)
    at processTicksAndRejections (node:internal/process/task_queues:83:21) {
  code: 'EADDRINUSE',
  errno: -4091,
  syscall: 'listen',
  address: '::',
  port: 8081
}
node:events:368
      throw er; // Unhandled 'error' event
      ^

Error: listen EADDRINUSE: address already in use :::8081
    at Server.setupListenHandle [as _listen2] (node:net:1334:16)
    at listenInCluster (node:net:1382:12)
    at Server.listen (node:net:1469:7)
    at Function.listen (C:\MobileApp\backend\node_modules\express\lib\application.js:618:24)
    at Object.<anonymous> (C:\MobileApp\backend\index.js:66:5)
    at Module._compile (node:internal/modules/cjs/loader:1101:14)
    at Object.Module._extensions..js (node:internal/modules/cjs/loader:1153:10)
    at Module.load (node:internal/modules/cjs/loader:981:32)
    at Function.Module._load (node:internal/modules/cjs/loader:822:12)
    at Function.executeUserEntryPoint [as runMain] (node:internal/modules/run_main:81:12)
Emitted 'error' event on Server instance at:
    at emitErrorNT (node:net:1361:8)
    at processTicksAndRejections (node:internal/process/task_queues:83:21) {
  code: 'EADDRINUSE',
  errno: -4091,
  syscall: 'listen',
  address: '::',
  port: 8081
}
node:events:368
      throw er; // Unhandled 'error' event
      ^

Error: listen EADDRINUSE: address already in use :::8081
    at Server.setupListenHandle [as _listen2] (node:net:1334:16)
    at listenInCluster (node:net:1382:12)
    at Server.listen (node:net:1469:7)
    at Function.listen (C:\MobileApp\backend\node_modules\express\lib\application.js:618:24)
    at Object.<anonymous> (C:\MobileApp\backend\index.js:66:5)
    at Module._compile (node:internal/modules/cjs/loader:1101:14)
    at Object.Module._extensions..js (node:internal/modules/cjs/loader:1153:10)
    at Module.load (node:internal/modules/cjs/loader:981:32)
    at Function.Module._load (node:internal/modules/cjs/loader:822:12)
    at Function.executeUserEntryPoint [as runMain] (node:internal/modules/run_main:81:12)
Emitted 'error' event on Server instance at:
    at emitErrorNT (node:net:1361:8)
    at processTicksAndRejections (node:internal/process/task_queues:83:21) {
  code: 'EADDRINUSE',
  errno: -4091,
  syscall: 'listen',
  address: '::',
  port: 8081
}
C:\Users\AAcharya\AppData\Roaming\npm\node_modules\qckwinsvc\node_modules\node-windows\lib\wrapper.js:177
    child.send('shutdown');
          ^

TypeError: Cannot read properties of null (reading 'send')
    at process.killkid (C:\Users\AAcharya\AppData\Roaming\npm\node_modules\qckwinsvc\node_modules\node-windows\lib\wrapper.js:177:11)
    at process.emit (node:events:390:28)
    at process.exit (node:internal/process/per_thread:184:15)
    at monitor (C:\Users\AAcharya\AppData\Roaming\npm\node_modules\qckwinsvc\node_modules\node-windows\lib\wrapper.js:99:17)
    at ChildProcess.<anonymous> (C:\Users\AAcharya\AppData\Roaming\npm\node_modules\qckwinsvc\node_modules\node-windows\lib\wrapper.js:170:5)
    at ChildProcess.emit (node:events:390:28)
    at Process.ChildProcess._handle.onexit (node:internal/child_process:290:12)
node:events:368
      throw er; // Unhandled 'error' event
      ^

Error: listen EADDRINUSE: address already in use :::8081
    at Server.setupListenHandle [as _listen2] (node:net:1334:16)
    at listenInCluster (node:net:1382:12)
    at Server.listen (node:net:1469:7)
    at Function.listen (C:\MobileApp\backend\node_modules\express\lib\application.js:618:24)
    at Object.<anonymous> (C:\MobileApp\backend\index.js:66:5)
    at Module._compile (node:internal/modules/cjs/loader:1101:14)
    at Object.Module._extensions..js (node:internal/modules/cjs/loader:1153:10)
    at Module.load (node:internal/modules/cjs/loader:981:32)
    at Function.Module._load (node:internal/modules/cjs/loader:822:12)
    at Function.executeUserEntryPoint [as runMain] (node:internal/modules/run_main:81:12)
Emitted 'error' event on Server instance at:
    at emitErrorNT (node:net:1361:8)
    at processTicksAndRejections (node:internal/process/task_queues:83:21) {
  code: 'EADDRINUSE',
  errno: -4091,
  syscall: 'listen',
  address: '::',
  port: 8081
}
node:events:368
      throw er; // Unhandled 'error' event
      ^

Error: listen EADDRINUSE: address already in use :::8081
    at Server.setupListenHandle [as _listen2] (node:net:1334:16)
    at listenInCluster (node:net:1382:12)
    at Server.listen (node:net:1469:7)
    at Function.listen (C:\MobileApp\backend\node_modules\express\lib\application.js:618:24)
    at Object.<anonymous> (C:\MobileApp\backend\index.js:66:5)
    at Module._compile (node:internal/modules/cjs/loader:1101:14)
    at Object.Module._extensions..js (node:internal/modules/cjs/loader:1153:10)
    at Module.load (node:internal/modules/cjs/loader:981:32)
    at Function.Module._load (node:internal/modules/cjs/loader:822:12)
    at Function.executeUserEntryPoint [as runMain] (node:internal/modules/run_main:81:12)
Emitted 'error' event on Server instance at:
    at emitErrorNT (node:net:1361:8)
    at processTicksAndRejections (node:internal/process/task_queues:83:21) {
  code: 'EADDRINUSE',
  errno: -4091,
  syscall: 'listen',
  address: '::',
  port: 8081
}
node:events:368
      throw er; // Unhandled 'error' event
      ^

Error: listen EADDRINUSE: address already in use :::8081
    at Server.setupListenHandle [as _listen2] (node:net:1334:16)
    at listenInCluster (node:net:1382:12)
    at Server.listen (node:net:1469:7)
    at Function.listen (C:\MobileApp\backend\node_modules\express\lib\application.js:618:24)
    at Object.<anonymous> (C:\MobileApp\backend\index.js:66:5)
    at Module._compile (node:internal/modules/cjs/loader:1101:14)
    at Object.Module._extensions..js (node:internal/modules/cjs/loader:1153:10)
    at Module.load (node:internal/modules/cjs/loader:981:32)
    at Function.Module._load (node:internal/modules/cjs/loader:822:12)
    at Function.executeUserEntryPoint [as runMain] (node:internal/modules/run_main:81:12)
Emitted 'error' event on Server instance at:
    at emitErrorNT (node:net:1361:8)
    at processTicksAndRejections (node:internal/process/task_queues:83:21) {
  code: 'EADDRINUSE',
  errno: -4091,
  syscall: 'listen',
  address: '::',
  port: 8081
}
C:\Users\AAcharya\AppData\Roaming\npm\node_modules\qckwinsvc\node_modules\node-windows\lib\wrapper.js:177
    child.send('shutdown');
          ^

TypeError: Cannot read properties of null (reading 'send')
    at process.killkid (C:\Users\AAcharya\AppData\Roaming\npm\node_modules\qckwinsvc\node_modules\node-windows\lib\wrapper.js:177:11)
    at process.emit (node:events:390:28)
    at process.exit (node:internal/process/per_thread:184:15)
    at monitor (C:\Users\AAcharya\AppData\Roaming\npm\node_modules\qckwinsvc\node_modules\node-windows\lib\wrapper.js:99:17)
    at ChildProcess.<anonymous> (C:\Users\AAcharya\AppData\Roaming\npm\node_modules\qckwinsvc\node_modules\node-windows\lib\wrapper.js:170:5)
    at ChildProcess.emit (node:events:390:28)
    at Process.ChildProcess._handle.onexit (node:internal/child_process:290:12)
node:events:368
      throw er; // Unhandled 'error' event
      ^

Error: listen EADDRINUSE: address already in use :::8081
    at Server.setupListenHandle [as _listen2] (node:net:1334:16)
    at listenInCluster (node:net:1382:12)
    at Server.listen (node:net:1469:7)
    at Function.listen (C:\MobileApp\backend\node_modules\express\lib\application.js:618:24)
    at Object.<anonymous> (C:\MobileApp\backend\index.js:67:5)
    at Module._compile (node:internal/modules/cjs/loader:1101:14)
    at Object.Module._extensions..js (node:internal/modules/cjs/loader:1153:10)
    at Module.load (node:internal/modules/cjs/loader:981:32)
    at Function.Module._load (node:internal/modules/cjs/loader:822:12)
    at Function.executeUserEntryPoint [as runMain] (node:internal/modules/run_main:81:12)
Emitted 'error' event on Server instance at:
    at emitErrorNT (node:net:1361:8)
    at processTicksAndRejections (node:internal/process/task_queues:83:21) {
  code: 'EADDRINUSE',
  errno: -4091,
  syscall: 'listen',
  address: '::',
  port: 8081
}
node:events:368
      throw er; // Unhandled 'error' event
      ^

Error: listen EADDRINUSE: address already in use :::8081
    at Server.setupListenHandle [as _listen2] (node:net:1334:16)
    at listenInCluster (node:net:1382:12)
    at Server.listen (node:net:1469:7)
    at Function.listen (C:\MobileApp\backend\node_modules\express\lib\application.js:618:24)
    at Object.<anonymous> (C:\MobileApp\backend\index.js:67:5)
    at Module._compile (node:internal/modules/cjs/loader:1101:14)
    at Object.Module._extensions..js (node:internal/modules/cjs/loader:1153:10)
    at Module.load (node:internal/modules/cjs/loader:981:32)
    at Function.Module._load (node:internal/modules/cjs/loader:822:12)
    at Function.executeUserEntryPoint [as runMain] (node:internal/modules/run_main:81:12)
Emitted 'error' event on Server instance at:
    at emitErrorNT (node:net:1361:8)
    at processTicksAndRejections (node:internal/process/task_queues:83:21) {
  code: 'EADDRINUSE',
  errno: -4091,
  syscall: 'listen',
  address: '::',
  port: 8081
}
node:events:368
      throw er; // Unhandled 'error' event
      ^

Error: listen EADDRINUSE: address already in use :::8081
    at Server.setupListenHandle [as _listen2] (node:net:1334:16)
    at listenInCluster (node:net:1382:12)
    at Server.listen (node:net:1469:7)
    at Function.listen (C:\MobileApp\backend\node_modules\express\lib\application.js:618:24)
    at Object.<anonymous> (C:\MobileApp\backend\index.js:67:5)
    at Module._compile (node:internal/modules/cjs/loader:1101:14)
    at Object.Module._extensions..js (node:internal/modules/cjs/loader:1153:10)
    at Module.load (node:internal/modules/cjs/loader:981:32)
    at Function.Module._load (node:internal/modules/cjs/loader:822:12)
    at Function.executeUserEntryPoint [as runMain] (node:internal/modules/run_main:81:12)
Emitted 'error' event on Server instance at:
    at emitErrorNT (node:net:1361:8)
    at processTicksAndRejections (node:internal/process/task_queues:83:21) {
  code: 'EADDRINUSE',
  errno: -4091,
  syscall: 'listen',
  address: '::',
  port: 8081
}
C:\Users\AAcharya\AppData\Roaming\npm\node_modules\qckwinsvc\node_modules\node-windows\lib\wrapper.js:177
    child.send('shutdown');
          ^

TypeError: Cannot read properties of null (reading 'send')
    at process.killkid (C:\Users\AAcharya\AppData\Roaming\npm\node_modules\qckwinsvc\node_modules\node-windows\lib\wrapper.js:177:11)
    at process.emit (node:events:390:28)
    at process.exit (node:internal/process/per_thread:184:15)
    at monitor (C:\Users\AAcharya\AppData\Roaming\npm\node_modules\qckwinsvc\node_modules\node-windows\lib\wrapper.js:99:17)
    at ChildProcess.<anonymous> (C:\Users\AAcharya\AppData\Roaming\npm\node_modules\qckwinsvc\node_modules\node-windows\lib\wrapper.js:170:5)
    at ChildProcess.emit (node:events:390:28)
    at Process.ChildProcess._handle.onexit (node:internal/child_process:290:12)
(node:4344) [DEP0123] DeprecationWarning: Setting the TLS ServerName to an IP address is not permitted by RFC 6066. This will be ignored in a future version.
(Use `node --trace-deprecation ...` to show where the warning was created)
node:events:368
      throw er; // Unhandled 'error' event
      ^

Error: listen EADDRINUSE: address already in use :::8081
    at Server.setupListenHandle [as _listen2] (node:net:1334:16)
    at listenInCluster (node:net:1382:12)
    at Server.listen (node:net:1469:7)
    at Function.listen (C:\MobileApp\backend\node_modules\express\lib\application.js:618:24)
    at Object.<anonymous> (C:\MobileApp\backend\index.js:67:5)
    at Module._compile (node:internal/modules/cjs/loader:1101:14)
    at Object.Module._extensions..js (node:internal/modules/cjs/loader:1153:10)
    at Module.load (node:internal/modules/cjs/loader:981:32)
    at Function.Module._load (node:internal/modules/cjs/loader:822:12)
    at Function.executeUserEntryPoint [as runMain] (node:internal/modules/run_main:81:12)
Emitted 'error' event on Server instance at:
    at emitErrorNT (node:net:1361:8)
    at processTicksAndRejections (node:internal/process/task_queues:83:21) {
  code: 'EADDRINUSE',
  errno: -4091,
  syscall: 'listen',
  address: '::',
  port: 8081
}
node:events:368
      throw er; // Unhandled 'error' event
      ^

Error: listen EADDRINUSE: address already in use :::8081
    at Server.setupListenHandle [as _listen2] (node:net:1334:16)
    at listenInCluster (node:net:1382:12)
    at Server.listen (node:net:1469:7)
    at Function.listen (C:\MobileApp\backend\node_modules\express\lib\application.js:618:24)
    at Object.<anonymous> (C:\MobileApp\backend\index.js:67:5)
    at Module._compile (node:internal/modules/cjs/loader:1101:14)
    at Object.Module._extensions..js (node:internal/modules/cjs/loader:1153:10)
    at Module.load (node:internal/modules/cjs/loader:981:32)
    at Function.Module._load (node:internal/modules/cjs/loader:822:12)
    at Function.executeUserEntryPoint [as runMain] (node:internal/modules/run_main:81:12)
Emitted 'error' event on Server instance at:
    at emitErrorNT (node:net:1361:8)
    at processTicksAndRejections (node:internal/process/task_queues:83:21) {
  code: 'EADDRINUSE',
  errno: -4091,
  syscall: 'listen',
  address: '::',
  port: 8081
}
node:events:368
      throw er; // Unhandled 'error' event
      ^

Error: listen EADDRINUSE: address already in use :::8081
    at Server.setupListenHandle [as _listen2] (node:net:1334:16)
    at listenInCluster (node:net:1382:12)
    at Server.listen (node:net:1469:7)
    at Function.listen (C:\MobileApp\backend\node_modules\express\lib\application.js:618:24)
    at Object.<anonymous> (C:\MobileApp\backend\index.js:67:5)
    at Module._compile (node:internal/modules/cjs/loader:1101:14)
    at Object.Module._extensions..js (node:internal/modules/cjs/loader:1153:10)
    at Module.load (node:internal/modules/cjs/loader:981:32)
    at Function.Module._load (node:internal/modules/cjs/loader:822:12)
    at Function.executeUserEntryPoint [as runMain] (node:internal/modules/run_main:81:12)
Emitted 'error' event on Server instance at:
    at emitErrorNT (node:net:1361:8)
    at processTicksAndRejections (node:internal/process/task_queues:83:21) {
  code: 'EADDRINUSE',
  errno: -4091,
  syscall: 'listen',
  address: '::',
  port: 8081
}
C:\Users\AAcharya\AppData\Roaming\npm\node_modules\qckwinsvc\node_modules\node-windows\lib\wrapper.js:177
    child.send('shutdown');
          ^

TypeError: Cannot read properties of null (reading 'send')
    at process.killkid (C:\Users\AAcharya\AppData\Roaming\npm\node_modules\qckwinsvc\node_modules\node-windows\lib\wrapper.js:177:11)
    at process.emit (node:events:390:28)
    at process.exit (node:internal/process/per_thread:184:15)
    at monitor (C:\Users\AAcharya\AppData\Roaming\npm\node_modules\qckwinsvc\node_modules\node-windows\lib\wrapper.js:99:17)
    at ChildProcess.<anonymous> (C:\Users\AAcharya\AppData\Roaming\npm\node_modules\qckwinsvc\node_modules\node-windows\lib\wrapper.js:170:5)
    at ChildProcess.emit (node:events:390:28)
    at Process.ChildProcess._handle.onexit (node:internal/child_process:290:12)
node:events:368
      throw er; // Unhandled 'error' event
      ^

Error: listen EADDRINUSE: address already in use :::8081
    at Server.setupListenHandle [as _listen2] (node:net:1334:16)
    at listenInCluster (node:net:1382:12)
    at Server.listen (node:net:1469:7)
    at Function.listen (C:\MobileApp\backend\node_modules\express\lib\application.js:618:24)
    at Object.<anonymous> (C:\MobileApp\backend\index.js:67:5)
    at Module._compile (node:internal/modules/cjs/loader:1101:14)
    at Object.Module._extensions..js (node:internal/modules/cjs/loader:1153:10)
    at Module.load (node:internal/modules/cjs/loader:981:32)
    at Function.Module._load (node:internal/modules/cjs/loader:822:12)
    at Function.executeUserEntryPoint [as runMain] (node:internal/modules/run_main:81:12)
Emitted 'error' event on Server instance at:
    at emitErrorNT (node:net:1361:8)
    at processTicksAndRejections (node:internal/process/task_queues:83:21) {
  code: 'EADDRINUSE',
  errno: -4091,
  syscall: 'listen',
  address: '::',
  port: 8081
}
node:events:368
      throw er; // Unhandled 'error' event
      ^

Error: listen EADDRINUSE: address already in use :::8081
    at Server.setupListenHandle [as _listen2] (node:net:1334:16)
    at listenInCluster (node:net:1382:12)
    at Server.listen (node:net:1469:7)
    at Function.listen (C:\MobileApp\backend\node_modules\express\lib\application.js:618:24)
    at Object.<anonymous> (C:\MobileApp\backend\index.js:67:5)
    at Module._compile (node:internal/modules/cjs/loader:1101:14)
    at Object.Module._extensions..js (node:internal/modules/cjs/loader:1153:10)
    at Module.load (node:internal/modules/cjs/loader:981:32)
    at Function.Module._load (node:internal/modules/cjs/loader:822:12)
    at Function.executeUserEntryPoint [as runMain] (node:internal/modules/run_main:81:12)
Emitted 'error' event on Server instance at:
    at emitErrorNT (node:net:1361:8)
    at processTicksAndRejections (node:internal/process/task_queues:83:21) {
  code: 'EADDRINUSE',
  errno: -4091,
  syscall: 'listen',
  address: '::',
  port: 8081
}
node:events:368
      throw er; // Unhandled 'error' event
      ^

Error: listen EADDRINUSE: address already in use :::8081
    at Server.setupListenHandle [as _listen2] (node:net:1334:16)
    at listenInCluster (node:net:1382:12)
    at Server.listen (node:net:1469:7)
    at Function.listen (C:\MobileApp\backend\node_modules\express\lib\application.js:618:24)
    at Object.<anonymous> (C:\MobileApp\backend\index.js:67:5)
    at Module._compile (node:internal/modules/cjs/loader:1101:14)
    at Object.Module._extensions..js (node:internal/modules/cjs/loader:1153:10)
    at Module.load (node:internal/modules/cjs/loader:981:32)
    at Function.Module._load (node:internal/modules/cjs/loader:822:12)
    at Function.executeUserEntryPoint [as runMain] (node:internal/modules/run_main:81:12)
Emitted 'error' event on Server instance at:
    at emitErrorNT (node:net:1361:8)
    at processTicksAndRejections (node:internal/process/task_queues:83:21) {
  code: 'EADDRINUSE',
  errno: -4091,
  syscall: 'listen',
  address: '::',
  port: 8081
}
C:\Users\AAcharya\AppData\Roaming\npm\node_modules\qckwinsvc\node_modules\node-windows\lib\wrapper.js:177
    child.send('shutdown');
          ^

TypeError: Cannot read properties of null (reading 'send')
    at process.killkid (C:\Users\AAcharya\AppData\Roaming\npm\node_modules\qckwinsvc\node_modules\node-windows\lib\wrapper.js:177:11)
    at process.emit (node:events:390:28)
    at process.exit (node:internal/process/per_thread:184:15)
    at monitor (C:\Users\AAcharya\AppData\Roaming\npm\node_modules\qckwinsvc\node_modules\node-windows\lib\wrapper.js:99:17)
    at ChildProcess.<anonymous> (C:\Users\AAcharya\AppData\Roaming\npm\node_modules\qckwinsvc\node_modules\node-windows\lib\wrapper.js:170:5)
    at ChildProcess.emit (node:events:390:28)
    at Process.ChildProcess._handle.onexit (node:internal/child_process:290:12)
node:events:368
      throw er; // Unhandled 'error' event
      ^

Error: listen EADDRINUSE: address already in use :::8081
    at Server.setupListenHandle [as _listen2] (node:net:1334:16)
    at listenInCluster (node:net:1382:12)
    at Server.listen (node:net:1469:7)
    at Function.listen (C:\MobileApp\backend\node_modules\express\lib\application.js:618:24)
    at Object.<anonymous> (C:\MobileApp\backend\index.js:67:5)
    at Module._compile (node:internal/modules/cjs/loader:1101:14)
    at Object.Module._extensions..js (node:internal/modules/cjs/loader:1153:10)
    at Module.load (node:internal/modules/cjs/loader:981:32)
    at Function.Module._load (node:internal/modules/cjs/loader:822:12)
    at Function.executeUserEntryPoint [as runMain] (node:internal/modules/run_main:81:12)
Emitted 'error' event on Server instance at:
    at emitErrorNT (node:net:1361:8)
    at processTicksAndRejections (node:internal/process/task_queues:83:21) {
  code: 'EADDRINUSE',
  errno: -4091,
  syscall: 'listen',
  address: '::',
  port: 8081
}
node:events:368
      throw er; // Unhandled 'error' event
      ^

Error: listen EADDRINUSE: address already in use :::8081
    at Server.setupListenHandle [as _listen2] (node:net:1334:16)
    at listenInCluster (node:net:1382:12)
    at Server.listen (node:net:1469:7)
    at Function.listen (C:\MobileApp\backend\node_modules\express\lib\application.js:618:24)
    at Object.<anonymous> (C:\MobileApp\backend\index.js:67:5)
    at Module._compile (node:internal/modules/cjs/loader:1101:14)
    at Object.Module._extensions..js (node:internal/modules/cjs/loader:1153:10)
    at Module.load (node:internal/modules/cjs/loader:981:32)
    at Function.Module._load (node:internal/modules/cjs/loader:822:12)
    at Function.executeUserEntryPoint [as runMain] (node:internal/modules/run_main:81:12)
Emitted 'error' event on Server instance at:
    at emitErrorNT (node:net:1361:8)
    at processTicksAndRejections (node:internal/process/task_queues:83:21) {
  code: 'EADDRINUSE',
  errno: -4091,
  syscall: 'listen',
  address: '::',
  port: 8081
}
node:events:368
      throw er; // Unhandled 'error' event
      ^

Error: listen EADDRINUSE: address already in use :::8081
    at Server.setupListenHandle [as _listen2] (node:net:1334:16)
    at listenInCluster (node:net:1382:12)
    at Server.listen (node:net:1469:7)
    at Function.listen (C:\MobileApp\backend\node_modules\express\lib\application.js:618:24)
    at Object.<anonymous> (C:\MobileApp\backend\index.js:67:5)
    at Module._compile (node:internal/modules/cjs/loader:1101:14)
    at Object.Module._extensions..js (node:internal/modules/cjs/loader:1153:10)
    at Module.load (node:internal/modules/cjs/loader:981:32)
    at Function.Module._load (node:internal/modules/cjs/loader:822:12)
    at Function.executeUserEntryPoint [as runMain] (node:internal/modules/run_main:81:12)
Emitted 'error' event on Server instance at:
    at emitErrorNT (node:net:1361:8)
    at processTicksAndRejections (node:internal/process/task_queues:83:21) {
  code: 'EADDRINUSE',
  errno: -4091,
  syscall: 'listen',
  address: '::',
  port: 8081
}
C:\Users\AAcharya\AppData\Roaming\npm\node_modules\qckwinsvc\node_modules\node-windows\lib\wrapper.js:177
    child.send('shutdown');
          ^

TypeError: Cannot read properties of null (reading 'send')
    at process.killkid (C:\Users\AAcharya\AppData\Roaming\npm\node_modules\qckwinsvc\node_modules\node-windows\lib\wrapper.js:177:11)
    at process.emit (node:events:390:28)
    at process.exit (node:internal/process/per_thread:184:15)
    at monitor (C:\Users\AAcharya\AppData\Roaming\npm\node_modules\qckwinsvc\node_modules\node-windows\lib\wrapper.js:99:17)
    at ChildProcess.<anonymous> (C:\Users\AAcharya\AppData\Roaming\npm\node_modules\qckwinsvc\node_modules\node-windows\lib\wrapper.js:170:5)
    at ChildProcess.emit (node:events:390:28)
    at Process.ChildProcess._handle.onexit (node:internal/child_process:290:12)
node:events:368
      throw er; // Unhandled 'error' event
      ^

Error: listen EADDRINUSE: address already in use :::8081
    at Server.setupListenHandle [as _listen2] (node:net:1334:16)
    at listenInCluster (node:net:1382:12)
    at Server.listen (node:net:1469:7)
    at Function.listen (C:\MobileApp\backend\node_modules\express\lib\application.js:618:24)
    at Object.<anonymous> (C:\MobileApp\backend\index.js:67:5)
    at Module._compile (node:internal/modules/cjs/loader:1101:14)
    at Object.Module._extensions..js (node:internal/modules/cjs/loader:1153:10)
    at Module.load (node:internal/modules/cjs/loader:981:32)
    at Function.Module._load (node:internal/modules/cjs/loader:822:12)
    at Function.executeUserEntryPoint [as runMain] (node:internal/modules/run_main:81:12)
Emitted 'error' event on Server instance at:
    at emitErrorNT (node:net:1361:8)
    at processTicksAndRejections (node:internal/process/task_queues:83:21) {
  code: 'EADDRINUSE',
  errno: -4091,
  syscall: 'listen',
  address: '::',
  port: 8081
}
node:events:368
      throw er; // Unhandled 'error' event
      ^

Error: listen EADDRINUSE: address already in use :::8081
    at Server.setupListenHandle [as _listen2] (node:net:1334:16)
    at listenInCluster (node:net:1382:12)
    at Server.listen (node:net:1469:7)
    at Function.listen (C:\MobileApp\backend\node_modules\express\lib\application.js:618:24)
    at Object.<anonymous> (C:\MobileApp\backend\index.js:67:5)
    at Module._compile (node:internal/modules/cjs/loader:1101:14)
    at Object.Module._extensions..js (node:internal/modules/cjs/loader:1153:10)
    at Module.load (node:internal/modules/cjs/loader:981:32)
    at Function.Module._load (node:internal/modules/cjs/loader:822:12)
    at Function.executeUserEntryPoint [as runMain] (node:internal/modules/run_main:81:12)
Emitted 'error' event on Server instance at:
    at emitErrorNT (node:net:1361:8)
    at processTicksAndRejections (node:internal/process/task_queues:83:21) {
  code: 'EADDRINUSE',
  errno: -4091,
  syscall: 'listen',
  address: '::',
  port: 8081
}
node:events:368
      throw er; // Unhandled 'error' event
      ^

Error: listen EADDRINUSE: address already in use :::8081
    at Server.setupListenHandle [as _listen2] (node:net:1334:16)
    at listenInCluster (node:net:1382:12)
    at Server.listen (node:net:1469:7)
    at Function.listen (C:\MobileApp\backend\node_modules\express\lib\application.js:618:24)
    at Object.<anonymous> (C:\MobileApp\backend\index.js:67:5)
    at Module._compile (node:internal/modules/cjs/loader:1101:14)
    at Object.Module._extensions..js (node:internal/modules/cjs/loader:1153:10)
    at Module.load (node:internal/modules/cjs/loader:981:32)
    at Function.Module._load (node:internal/modules/cjs/loader:822:12)
    at Function.executeUserEntryPoint [as runMain] (node:internal/modules/run_main:81:12)
Emitted 'error' event on Server instance at:
    at emitErrorNT (node:net:1361:8)
    at processTicksAndRejections (node:internal/process/task_queues:83:21) {
  code: 'EADDRINUSE',
  errno: -4091,
  syscall: 'listen',
  address: '::',
  port: 8081
}
C:\Users\AAcharya\AppData\Roaming\npm\node_modules\qckwinsvc\node_modules\node-windows\lib\wrapper.js:177
    child.send('shutdown');
          ^

TypeError: Cannot read properties of null (reading 'send')
    at process.killkid (C:\Users\AAcharya\AppData\Roaming\npm\node_modules\qckwinsvc\node_modules\node-windows\lib\wrapper.js:177:11)
    at process.emit (node:events:390:28)
    at process.exit (node:internal/process/per_thread:184:15)
    at monitor (C:\Users\AAcharya\AppData\Roaming\npm\node_modules\qckwinsvc\node_modules\node-windows\lib\wrapper.js:99:17)
    at ChildProcess.<anonymous> (C:\Users\AAcharya\AppData\Roaming\npm\node_modules\qckwinsvc\node_modules\node-windows\lib\wrapper.js:170:5)
    at ChildProcess.emit (node:events:390:28)
    at Process.ChildProcess._handle.onexit (node:internal/child_process:290:12)
node:events:368
      throw er; // Unhandled 'error' event
      ^

Error: listen EADDRINUSE: address already in use :::8081
    at Server.setupListenHandle [as _listen2] (node:net:1334:16)
    at listenInCluster (node:net:1382:12)
    at Server.listen (node:net:1469:7)
    at Function.listen (C:\MobileApp\backend\node_modules\express\lib\application.js:618:24)
    at Object.<anonymous> (C:\MobileApp\backend\index.js:67:5)
    at Module._compile (node:internal/modules/cjs/loader:1101:14)
    at Object.Module._extensions..js (node:internal/modules/cjs/loader:1153:10)
    at Module.load (node:internal/modules/cjs/loader:981:32)
    at Function.Module._load (node:internal/modules/cjs/loader:822:12)
    at Function.executeUserEntryPoint [as runMain] (node:internal/modules/run_main:81:12)
Emitted 'error' event on Server instance at:
    at emitErrorNT (node:net:1361:8)
    at processTicksAndRejections (node:internal/process/task_queues:83:21) {
  code: 'EADDRINUSE',
  errno: -4091,
  syscall: 'listen',
  address: '::',
  port: 8081
}
node:events:368
      throw er; // Unhandled 'error' event
      ^

Error: listen EADDRINUSE: address already in use :::8081
    at Server.setupListenHandle [as _listen2] (node:net:1334:16)
    at listenInCluster (node:net:1382:12)
    at Server.listen (node:net:1469:7)
    at Function.listen (C:\MobileApp\backend\node_modules\express\lib\application.js:618:24)
    at Object.<anonymous> (C:\MobileApp\backend\index.js:67:5)
    at Module._compile (node:internal/modules/cjs/loader:1101:14)
    at Object.Module._extensions..js (node:internal/modules/cjs/loader:1153:10)
    at Module.load (node:internal/modules/cjs/loader:981:32)
    at Function.Module._load (node:internal/modules/cjs/loader:822:12)
    at Function.executeUserEntryPoint [as runMain] (node:internal/modules/run_main:81:12)
Emitted 'error' event on Server instance at:
    at emitErrorNT (node:net:1361:8)
    at processTicksAndRejections (node:internal/process/task_queues:83:21) {
  code: 'EADDRINUSE',
  errno: -4091,
  syscall: 'listen',
  address: '::',
  port: 8081
}
node:events:368
      throw er; // Unhandled 'error' event
      ^

Error: listen EADDRINUSE: address already in use :::8081
    at Server.setupListenHandle [as _listen2] (node:net:1334:16)
    at listenInCluster (node:net:1382:12)
    at Server.listen (node:net:1469:7)
    at Function.listen (C:\MobileApp\backend\node_modules\express\lib\application.js:618:24)
    at Object.<anonymous> (C:\MobileApp\backend\index.js:67:5)
    at Module._compile (node:internal/modules/cjs/loader:1101:14)
    at Object.Module._extensions..js (node:internal/modules/cjs/loader:1153:10)
    at Module.load (node:internal/modules/cjs/loader:981:32)
    at Function.Module._load (node:internal/modules/cjs/loader:822:12)
    at Function.executeUserEntryPoint [as runMain] (node:internal/modules/run_main:81:12)
Emitted 'error' event on Server instance at:
    at emitErrorNT (node:net:1361:8)
    at processTicksAndRejections (node:internal/process/task_queues:83:21) {
  code: 'EADDRINUSE',
  errno: -4091,
  syscall: 'listen',
  address: '::',
  port: 8081
}
C:\Users\AAcharya\AppData\Roaming\npm\node_modules\qckwinsvc\node_modules\node-windows\lib\wrapper.js:177
    child.send('shutdown');
          ^

TypeError: Cannot read properties of null (reading 'send')
    at process.killkid (C:\Users\AAcharya\AppData\Roaming\npm\node_modules\qckwinsvc\node_modules\node-windows\lib\wrapper.js:177:11)
    at process.emit (node:events:390:28)
    at process.exit (node:internal/process/per_thread:184:15)
    at monitor (C:\Users\AAcharya\AppData\Roaming\npm\node_modules\qckwinsvc\node_modules\node-windows\lib\wrapper.js:99:17)
    at ChildProcess.<anonymous> (C:\Users\AAcharya\AppData\Roaming\npm\node_modules\qckwinsvc\node_modules\node-windows\lib\wrapper.js:170:5)
    at ChildProcess.emit (node:events:390:28)
    at Process.ChildProcess._handle.onexit (node:internal/child_process:290:12)
(node:4464) [DEP0123] DeprecationWarning: Setting the TLS ServerName to an IP address is not permitted by RFC 6066. This will be ignored in a future version.
(Use `node --trace-deprecation ...` to show where the warning was created)
node:events:368
      throw er; // Unhandled 'error' event
      ^

Error: listen EADDRINUSE: address already in use :::8081
    at Server.setupListenHandle [as _listen2] (node:net:1334:16)
    at listenInCluster (node:net:1382:12)
    at Server.listen (node:net:1469:7)
    at Function.listen (C:\MobileApp\backend\node_modules\express\lib\application.js:618:24)
    at Object.<anonymous> (C:\MobileApp\backend\index.js:67:5)
    at Module._compile (node:internal/modules/cjs/loader:1101:14)
    at Object.Module._extensions..js (node:internal/modules/cjs/loader:1153:10)
    at Module.load (node:internal/modules/cjs/loader:981:32)
    at Function.Module._load (node:internal/modules/cjs/loader:822:12)
    at Function.executeUserEntryPoint [as runMain] (node:internal/modules/run_main:81:12)
Emitted 'error' event on Server instance at:
    at emitErrorNT (node:net:1361:8)
    at processTicksAndRejections (node:internal/process/task_queues:83:21) {
  code: 'EADDRINUSE',
  errno: -4091,
  syscall: 'listen',
  address: '::',
  port: 8081
}
node:events:368
      throw er; // Unhandled 'error' event
      ^

Error: listen EADDRINUSE: address already in use :::8081
    at Server.setupListenHandle [as _listen2] (node:net:1334:16)
    at listenInCluster (node:net:1382:12)
    at Server.listen (node:net:1469:7)
    at Function.listen (C:\MobileApp\backend\node_modules\express\lib\application.js:618:24)
    at Object.<anonymous> (C:\MobileApp\backend\index.js:67:5)
    at Module._compile (node:internal/modules/cjs/loader:1101:14)
    at Object.Module._extensions..js (node:internal/modules/cjs/loader:1153:10)
    at Module.load (node:internal/modules/cjs/loader:981:32)
    at Function.Module._load (node:internal/modules/cjs/loader:822:12)
    at Function.executeUserEntryPoint [as runMain] (node:internal/modules/run_main:81:12)
Emitted 'error' event on Server instance at:
    at emitErrorNT (node:net:1361:8)
    at processTicksAndRejections (node:internal/process/task_queues:83:21) {
  code: 'EADDRINUSE',
  errno: -4091,
  syscall: 'listen',
  address: '::',
  port: 8081
}
node:events:368
      throw er; // Unhandled 'error' event
      ^

Error: listen EADDRINUSE: address already in use :::8081
    at Server.setupListenHandle [as _listen2] (node:net:1334:16)
    at listenInCluster (node:net:1382:12)
    at Server.listen (node:net:1469:7)
    at Function.listen (C:\MobileApp\backend\node_modules\express\lib\application.js:618:24)
    at Object.<anonymous> (C:\MobileApp\backend\index.js:67:5)
    at Module._compile (node:internal/modules/cjs/loader:1101:14)
    at Object.Module._extensions..js (node:internal/modules/cjs/loader:1153:10)
    at Module.load (node:internal/modules/cjs/loader:981:32)
    at Function.Module._load (node:internal/modules/cjs/loader:822:12)
    at Function.executeUserEntryPoint [as runMain] (node:internal/modules/run_main:81:12)
Emitted 'error' event on Server instance at:
    at emitErrorNT (node:net:1361:8)
    at processTicksAndRejections (node:internal/process/task_queues:83:21) {
  code: 'EADDRINUSE',
  errno: -4091,
  syscall: 'listen',
  address: '::',
  port: 8081
}
C:\Users\AAcharya\AppData\Roaming\npm\node_modules\qckwinsvc\node_modules\node-windows\lib\wrapper.js:177
    child.send('shutdown');
          ^

TypeError: Cannot read properties of null (reading 'send')
    at process.killkid (C:\Users\AAcharya\AppData\Roaming\npm\node_modules\qckwinsvc\node_modules\node-windows\lib\wrapper.js:177:11)
    at process.emit (node:events:390:28)
    at process.exit (node:internal/process/per_thread:184:15)
    at monitor (C:\Users\AAcharya\AppData\Roaming\npm\node_modules\qckwinsvc\node_modules\node-windows\lib\wrapper.js:99:17)
    at ChildProcess.<anonymous> (C:\Users\AAcharya\AppData\Roaming\npm\node_modules\qckwinsvc\node_modules\node-windows\lib\wrapper.js:170:5)
    at ChildProcess.emit (node:events:390:28)
    at Process.ChildProcess._handle.onexit (node:internal/child_process:290:12)
(node:4760) [DEP0123] DeprecationWarning: Setting the TLS ServerName to an IP address is not permitted by RFC 6066. This will be ignored in a future version.
(Use `node --trace-deprecation ...` to show where the warning was created)
node:events:368
      throw er; // Unhandled 'error' event
      ^

Error: listen EADDRINUSE: address already in use :::8081
    at Server.setupListenHandle [as _listen2] (node:net:1334:16)
    at listenInCluster (node:net:1382:12)
    at Server.listen (node:net:1469:7)
    at Function.listen (C:\MobileApp\backend\node_modules\express\lib\application.js:618:24)
    at Object.<anonymous> (C:\MobileApp\backend\index.js:67:5)
    at Module._compile (node:internal/modules/cjs/loader:1101:14)
    at Object.Module._extensions..js (node:internal/modules/cjs/loader:1153:10)
    at Module.load (node:internal/modules/cjs/loader:981:32)
    at Function.Module._load (node:internal/modules/cjs/loader:822:12)
    at Function.executeUserEntryPoint [as runMain] (node:internal/modules/run_main:81:12)
Emitted 'error' event on Server instance at:
    at emitErrorNT (node:net:1361:8)
    at processTicksAndRejections (node:internal/process/task_queues:83:21) {
  code: 'EADDRINUSE',
  errno: -4091,
  syscall: 'listen',
  address: '::',
  port: 8081
}
node:events:368
      throw er; // Unhandled 'error' event
      ^

Error: listen EADDRINUSE: address already in use :::8081
    at Server.setupListenHandle [as _listen2] (node:net:1334:16)
    at listenInCluster (node:net:1382:12)
    at Server.listen (node:net:1469:7)
    at Function.listen (C:\MobileApp\backend\node_modules\express\lib\application.js:618:24)
    at Object.<anonymous> (C:\MobileApp\backend\index.js:67:5)
    at Module._compile (node:internal/modules/cjs/loader:1101:14)
    at Object.Module._extensions..js (node:internal/modules/cjs/loader:1153:10)
    at Module.load (node:internal/modules/cjs/loader:981:32)
    at Function.Module._load (node:internal/modules/cjs/loader:822:12)
    at Function.executeUserEntryPoint [as runMain] (node:internal/modules/run_main:81:12)
Emitted 'error' event on Server instance at:
    at emitErrorNT (node:net:1361:8)
    at processTicksAndRejections (node:internal/process/task_queues:83:21) {
  code: 'EADDRINUSE',
  errno: -4091,
  syscall: 'listen',
  address: '::',
  port: 8081
}
node:events:368
      throw er; // Unhandled 'error' event
      ^

Error: listen EADDRINUSE: address already in use :::8081
    at Server.setupListenHandle [as _listen2] (node:net:1334:16)
    at listenInCluster (node:net:1382:12)
    at Server.listen (node:net:1469:7)
    at Function.listen (C:\MobileApp\backend\node_modules\express\lib\application.js:618:24)
    at Object.<anonymous> (C:\MobileApp\backend\index.js:67:5)
    at Module._compile (node:internal/modules/cjs/loader:1101:14)
    at Object.Module._extensions..js (node:internal/modules/cjs/loader:1153:10)
    at Module.load (node:internal/modules/cjs/loader:981:32)
    at Function.Module._load (node:internal/modules/cjs/loader:822:12)
    at Function.executeUserEntryPoint [as runMain] (node:internal/modules/run_main:81:12)
Emitted 'error' event on Server instance at:
    at emitErrorNT (node:net:1361:8)
    at processTicksAndRejections (node:internal/process/task_queues:83:21) {
  code: 'EADDRINUSE',
  errno: -4091,
  syscall: 'listen',
  address: '::',
  port: 8081
}
C:\Users\AAcharya\AppData\Roaming\npm\node_modules\qckwinsvc\node_modules\node-windows\lib\wrapper.js:177
    child.send('shutdown');
          ^

TypeError: Cannot read properties of null (reading 'send')
    at process.killkid (C:\Users\AAcharya\AppData\Roaming\npm\node_modules\qckwinsvc\node_modules\node-windows\lib\wrapper.js:177:11)
    at process.emit (node:events:390:28)
    at process.exit (node:internal/process/per_thread:184:15)
    at monitor (C:\Users\AAcharya\AppData\Roaming\npm\node_modules\qckwinsvc\node_modules\node-windows\lib\wrapper.js:99:17)
    at ChildProcess.<anonymous> (C:\Users\AAcharya\AppData\Roaming\npm\node_modules\qckwinsvc\node_modules\node-windows\lib\wrapper.js:170:5)
    at ChildProcess.emit (node:events:390:28)
    at Process.ChildProcess._handle.onexit (node:internal/child_process:290:12)
node:events:368
      throw er; // Unhandled 'error' event
      ^

Error: listen EADDRINUSE: address already in use :::8081
    at Server.setupListenHandle [as _listen2] (node:net:1334:16)
    at listenInCluster (node:net:1382:12)
    at Server.listen (node:net:1469:7)
    at Function.listen (C:\MobileApp\backend\node_modules\express\lib\application.js:618:24)
    at Object.<anonymous> (C:\MobileApp\backend\index.js:67:5)
    at Module._compile (node:internal/modules/cjs/loader:1101:14)
    at Object.Module._extensions..js (node:internal/modules/cjs/loader:1153:10)
    at Module.load (node:internal/modules/cjs/loader:981:32)
    at Function.Module._load (node:internal/modules/cjs/loader:822:12)
    at Function.executeUserEntryPoint [as runMain] (node:internal/modules/run_main:81:12)
Emitted 'error' event on Server instance at:
    at emitErrorNT (node:net:1361:8)
    at processTicksAndRejections (node:internal/process/task_queues:83:21) {
  code: 'EADDRINUSE',
  errno: -4091,
  syscall: 'listen',
  address: '::',
  port: 8081
}
node:events:368
      throw er; // Unhandled 'error' event
      ^

Error: listen EADDRINUSE: address already in use :::8081
    at Server.setupListenHandle [as _listen2] (node:net:1334:16)
    at listenInCluster (node:net:1382:12)
    at Server.listen (node:net:1469:7)
    at Function.listen (C:\MobileApp\backend\node_modules\express\lib\application.js:618:24)
    at Object.<anonymous> (C:\MobileApp\backend\index.js:67:5)
    at Module._compile (node:internal/modules/cjs/loader:1101:14)
    at Object.Module._extensions..js (node:internal/modules/cjs/loader:1153:10)
    at Module.load (node:internal/modules/cjs/loader:981:32)
    at Function.Module._load (node:internal/modules/cjs/loader:822:12)
    at Function.executeUserEntryPoint [as runMain] (node:internal/modules/run_main:81:12)
Emitted 'error' event on Server instance at:
    at emitErrorNT (node:net:1361:8)
    at processTicksAndRejections (node:internal/process/task_queues:83:21) {
  code: 'EADDRINUSE',
  errno: -4091,
  syscall: 'listen',
  address: '::',
  port: 8081
}
node:events:368
      throw er; // Unhandled 'error' event
      ^

Error: listen EADDRINUSE: address already in use :::8081
    at Server.setupListenHandle [as _listen2] (node:net:1334:16)
    at listenInCluster (node:net:1382:12)
    at Server.listen (node:net:1469:7)
    at Function.listen (C:\MobileApp\backend\node_modules\express\lib\application.js:618:24)
    at Object.<anonymous> (C:\MobileApp\backend\index.js:67:5)
    at Module._compile (node:internal/modules/cjs/loader:1101:14)
    at Object.Module._extensions..js (node:internal/modules/cjs/loader:1153:10)
    at Module.load (node:internal/modules/cjs/loader:981:32)
    at Function.Module._load (node:internal/modules/cjs/loader:822:12)
    at Function.executeUserEntryPoint [as runMain] (node:internal/modules/run_main:81:12)
Emitted 'error' event on Server instance at:
    at emitErrorNT (node:net:1361:8)
    at processTicksAndRejections (node:internal/process/task_queues:83:21) {
  code: 'EADDRINUSE',
  errno: -4091,
  syscall: 'listen',
  address: '::',
  port: 8081
}
C:\Users\AAcharya\AppData\Roaming\npm\node_modules\qckwinsvc\node_modules\node-windows\lib\wrapper.js:177
    child.send('shutdown');
          ^

TypeError: Cannot read properties of null (reading 'send')
    at process.killkid (C:\Users\AAcharya\AppData\Roaming\npm\node_modules\qckwinsvc\node_modules\node-windows\lib\wrapper.js:177:11)
    at process.emit (node:events:390:28)
    at process.exit (node:internal/process/per_thread:184:15)
    at monitor (C:\Users\AAcharya\AppData\Roaming\npm\node_modules\qckwinsvc\node_modules\node-windows\lib\wrapper.js:99:17)
    at ChildProcess.<anonymous> (C:\Users\AAcharya\AppData\Roaming\npm\node_modules\qckwinsvc\node_modules\node-windows\lib\wrapper.js:170:5)
    at ChildProcess.emit (node:events:390:28)
    at Process.ChildProcess._handle.onexit (node:internal/child_process:290:12)
(node:4520) [DEP0123] DeprecationWarning: Setting the TLS ServerName to an IP address is not permitted by RFC 6066. This will be ignored in a future version.
(Use `node --trace-deprecation ...` to show where the warning was created)
(node:2481056) [DEP0123] DeprecationWarning: Setting the TLS ServerName to an IP address is not permitted by RFC 6066. This will be ignored in a future version.
(Use `node --trace-deprecation ...` to show where the warning was created)
(node:4408) [DEP0123] DeprecationWarning: Setting the TLS ServerName to an IP address is not permitted by RFC 6066. This will be ignored in a future version.
(Use `node --trace-deprecation ...` to show where the warning was created)
(node:4272) [DEP0123] DeprecationWarning: Setting the TLS ServerName to an IP address is not permitted by RFC 6066. This will be ignored in a future version.
(Use `node --trace-deprecation ...` to show where the warning was created)
node:events:368
      throw er; // Unhandled 'error' event
      ^

Error: listen EADDRINUSE: address already in use :::8081
    at Server.setupListenHandle [as _listen2] (node:net:1334:16)
    at listenInCluster (node:net:1382:12)
    at Server.listen (node:net:1469:7)
    at Function.listen (C:\MobileApp\backend\node_modules\express\lib\application.js:618:24)
    at Object.<anonymous> (C:\MobileApp\backend\index.js:69:5)
    at Module._compile (node:internal/modules/cjs/loader:1101:14)
    at Object.Module._extensions..js (node:internal/modules/cjs/loader:1153:10)
    at Module.load (node:internal/modules/cjs/loader:981:32)
    at Function.Module._load (node:internal/modules/cjs/loader:822:12)
    at Function.executeUserEntryPoint [as runMain] (node:internal/modules/run_main:81:12)
Emitted 'error' event on Server instance at:
    at emitErrorNT (node:net:1361:8)
    at processTicksAndRejections (node:internal/process/task_queues:83:21) {
  code: 'EADDRINUSE',
  errno: -4091,
  syscall: 'listen',
  address: '::',
  port: 8081
}
node:events:368
      throw er; // Unhandled 'error' event
      ^

Error: listen EADDRINUSE: address already in use :::8081
    at Server.setupListenHandle [as _listen2] (node:net:1334:16)
    at listenInCluster (node:net:1382:12)
    at Server.listen (node:net:1469:7)
    at Function.listen (C:\MobileApp\backend\node_modules\express\lib\application.js:618:24)
    at Object.<anonymous> (C:\MobileApp\backend\index.js:69:5)
    at Module._compile (node:internal/modules/cjs/loader:1101:14)
    at Object.Module._extensions..js (node:internal/modules/cjs/loader:1153:10)
    at Module.load (node:internal/modules/cjs/loader:981:32)
    at Function.Module._load (node:internal/modules/cjs/loader:822:12)
    at Function.executeUserEntryPoint [as runMain] (node:internal/modules/run_main:81:12)
Emitted 'error' event on Server instance at:
    at emitErrorNT (node:net:1361:8)
    at processTicksAndRejections (node:internal/process/task_queues:83:21) {
  code: 'EADDRINUSE',
  errno: -4091,
  syscall: 'listen',
  address: '::',
  port: 8081
}
node:events:368
      throw er; // Unhandled 'error' event
      ^

Error: listen EADDRINUSE: address already in use :::8081
    at Server.setupListenHandle [as _listen2] (node:net:1334:16)
    at listenInCluster (node:net:1382:12)
    at Server.listen (node:net:1469:7)
    at Function.listen (C:\MobileApp\backend\node_modules\express\lib\application.js:618:24)
    at Object.<anonymous> (C:\MobileApp\backend\index.js:69:5)
    at Module._compile (node:internal/modules/cjs/loader:1101:14)
    at Object.Module._extensions..js (node:internal/modules/cjs/loader:1153:10)
    at Module.load (node:internal/modules/cjs/loader:981:32)
    at Function.Module._load (node:internal/modules/cjs/loader:822:12)
    at Function.executeUserEntryPoint [as runMain] (node:internal/modules/run_main:81:12)
Emitted 'error' event on Server instance at:
    at emitErrorNT (node:net:1361:8)
    at processTicksAndRejections (node:internal/process/task_queues:83:21) {
  code: 'EADDRINUSE',
  errno: -4091,
  syscall: 'listen',
  address: '::',
  port: 8081
}
C:\Users\AAcharya\AppData\Roaming\npm\node_modules\qckwinsvc\node_modules\node-windows\lib\wrapper.js:177
    child.send('shutdown');
          ^

TypeError: Cannot read properties of null (reading 'send')
    at process.killkid (C:\Users\AAcharya\AppData\Roaming\npm\node_modules\qckwinsvc\node_modules\node-windows\lib\wrapper.js:177:11)
    at process.emit (node:events:390:28)
    at process.exit (node:internal/process/per_thread:184:15)
    at monitor (C:\Users\AAcharya\AppData\Roaming\npm\node_modules\qckwinsvc\node_modules\node-windows\lib\wrapper.js:99:17)
    at ChildProcess.<anonymous> (C:\Users\AAcharya\AppData\Roaming\npm\node_modules\qckwinsvc\node_modules\node-windows\lib\wrapper.js:170:5)
    at ChildProcess.emit (node:events:390:28)
    at Process.ChildProcess._handle.onexit (node:internal/child_process:290:12)
